<?xml version="1.0" encoding="UTF-8"?>
<testsuite name="graph.RoadNetworkTest" tests="1" skipped="0" failures="0" errors="0" timestamp="2023-08-14T14:43:06" hostname="DESKTOP-VMD1CK8" time="0.05">
  <properties/>
  <testcase name="readFromOsmFile_Network()" classname="graph.RoadNetworkTest" time="0.05"/>
  <system-out><![CDATA[]]></system-out>
  <system-err><![CDATA[]]></system-err>
</testsuite>
